Started GET "/cmb/get_bagels_history?bagel=%7B%22hex_id%22:%22d73e3f88-d1c2-11e6-91de-d95f1b4afb97%22,%22cursor_after%22:%221483454544.65%22,%22cursor_before%22:%221483454544.65%22,%22more_after%22:false,%22more_before%22:false%7D&fbToken=EAAE998BGKHABAFyaUvgLvw7Wc0CW5K51ZBNZAixjuqBmrB7ZCYz3C7xDuPZANfYnhIT59ZAvJQQMPf3vAm0DxqpYeBbMeQDXeSAhRhoFol6NSKRGg5svezXfh4LdZADMQMQrtocH16FxQ40wkxyRWjfOmsmng0wlYSWZCSH7vwJYgZB4SXBZCJdFl&format=json&sessionid=d3hq195r257ypickqut9ln9fiozh0tnn" for 127.0.0.1 at 2017-01-03 22:50:26 +0800
Processing by CmbController#get_bagels_history as JSON
  Parameters: {"bagel"=>"{\"hex_id\":\"d73e3f88-d1c2-11e6-91de-d95f1b4afb97\",\"cursor_after\":\"1483454544.65\",\"cursor_before\":\"1483454544.65\",\"more_after\":false,\"more_before\":false}", "fbToken"=>"EAAE998BGKHABAFyaUvgLvw7Wc0CW5K51ZBNZAixjuqBmrB7ZCYz3C7xDuPZANfYnhIT59ZAvJQQMPf3vAm0DxqpYeBbMeQDXeSAhRhoFol6NSKRGg5svezXfh4LdZADMQMQrtocH16FxQ40wkxyRWjfOmsmng0wlYSWZCSH7vwJYgZB4SXBZCJdFl", "sessionid"=>"d3hq195r257ypickqut9ln9fiozh0tnn"}
  Rendering cmb/get_bagels_history.json.jbuilder
  Rendered cmb/_bagelsInfoElement.json.jbuilder (0.4ms)
  Rendered cmb/get_bagels_history.json.jbuilder (1.3ms)
Completed 200 OK in 4618ms (Views: 3.6ms | ActiveRecord: 0.0ms)


Started GET "/cmb/get_profile?fbToken=EAAE998BGKHABAFyaUvgLvw7Wc0CW5K51ZBNZAixjuqBmrB7ZCYz3C7xDuPZANfYnhIT59ZAvJQQMPf3vAm0DxqpYeBbMeQDXeSAhRhoFol6NSKRGg5svezXfh4LdZADMQMQrtocH16FxQ40wkxyRWjfOmsmng0wlYSWZCSH7vwJYgZB4SXBZCJdFl&format=json&sessionid=d3hq195r257ypickqut9ln9fiozh0tnn" for 127.0.0.1 at 2017-01-03 23:03:55 +0800
Processing by CmbController#get_profile as JSON
  Parameters: {"fbToken"=>"EAAE998BGKHABAFyaUvgLvw7Wc0CW5K51ZBNZAixjuqBmrB7ZCYz3C7xDuPZANfYnhIT59ZAvJQQMPf3vAm0DxqpYeBbMeQDXeSAhRhoFol6NSKRGg5svezXfh4LdZADMQMQrtocH16FxQ40wkxyRWjfOmsmng0wlYSWZCSH7vwJYgZB4SXBZCJdFl", "sessionid"=>"d3hq195r257ypickqut9ln9fiozh0tnn"}
  Rendering cmb/get_profile.json.jbuilder
  Rendered cmb/_cmbInfoElement.json.jbuilder (0.3ms)
  Rendered cmb/get_profile.json.jbuilder (2.6ms)
Completed 200 OK in 3118ms (Views: 4.3ms | ActiveRecord: 0.0ms)


Started GET "/cmb?fbToken=EAAE998BGKHABAJjhDm6sVFHnKkhS2XhGnB5F30Y9PcznkKDJjiCcFkop74ZCMkrEyyP2lzPfZCjhnBiiz0ondosRy5MreakZCe9WQsfpHKmaHpW87AHz6ix87p6P9yvZBmfBRQ5r41yjQazO9Wn50kO6RvRGqOgdZCHsAYg4dwWmHKA8WAnZCW&format=json" for 127.0.0.1 at 2017-01-03 23:32:39 +0800
Processing by CmbController#index as JSON
  Parameters: {"fbToken"=>"EAAE998BGKHABAJjhDm6sVFHnKkhS2XhGnB5F30Y9PcznkKDJjiCcFkop74ZCMkrEyyP2lzPfZCjhnBiiz0ondosRy5MreakZCe9WQsfpHKmaHpW87AHz6ix87p6P9yvZBmfBRQ5r41yjQazO9Wn50kO6RvRGqOgdZCHsAYg4dwWmHKA8WAnZCW"}
  Rendering cmb/index.json.jbuilder
  Rendered cmb/_cmbInfoElement.json.jbuilder (0.3ms)
  Rendered cmb/index.json.jbuilder (1.7ms)
Completed 200 OK in 4685ms (Views: 5.6ms | ActiveRecord: 0.0ms)


Started GET "/" for 127.0.0.1 at 2017-01-03 23:56:48 +0800
Processing by HomeController#index as HTML
  Rendering home/index.html.erb within layouts/application
  Rendered home/index.html.erb within layouts/application (0.3ms)
Completed 200 OK in 607ms (Views: 606.6ms | ActiveRecord: 0.0ms)


Started GET "/" for 127.0.0.1 at 2017-01-03 23:57:15 +0800
Processing by HomeController#index as HTML
  Rendering home/index.html.erb within layouts/application
  Rendered home/index.html.erb within layouts/application (0.4ms)
Completed 200 OK in 45ms (Views: 44.9ms | ActiveRecord: 0.0ms)


Started GET "/cmb?fbToken=EAAE998BGKHABADJkfYzC2OqHX9pCtKypTaIZBBwpsTFiDzwFxsDAwQHRmlekNoIcxH7WVaMV4KHVxLlJbfriUyXpXRz0ZAL4qJ97Yk2GIJAHBEF5FQyXFsONnJREX1EPN0ZCZCHrD62FxPZCU3Iig9txUSQ6Xp5O3eQIM9d3OwJHyAili2tjZB&format=json" for 127.0.0.1 at 2017-01-03 23:57:22 +0800
Processing by CmbController#index as JSON
  Parameters: {"fbToken"=>"EAAE998BGKHABADJkfYzC2OqHX9pCtKypTaIZBBwpsTFiDzwFxsDAwQHRmlekNoIcxH7WVaMV4KHVxLlJbfriUyXpXRz0ZAL4qJ97Yk2GIJAHBEF5FQyXFsONnJREX1EPN0ZCZCHrD62FxPZCU3Iig9txUSQ6Xp5O3eQIM9d3OwJHyAili2tjZB"}
  Rendering cmb/index.json.jbuilder
  Rendered cmb/_cmbInfoElement.json.jbuilder (0.2ms)
  Rendered cmb/index.json.jbuilder (1.0ms)
Completed 200 OK in 4331ms (Views: 2.8ms | ActiveRecord: 0.0ms)


Started GET "/tinder?fbToken=EAAE998BGKHABADJkfYzC2OqHX9pCtKypTaIZBBwpsTFiDzwFxsDAwQHRmlekNoIcxH7WVaMV4KHVxLlJbfriUyXpXRz0ZAL4qJ97Yk2GIJAHBEF5FQyXFsONnJREX1EPN0ZCZCHrD62FxPZCU3Iig9txUSQ6Xp5O3eQIM9d3OwJHyAili2tjZB&fbUserID=189552508182575&format=json" for 127.0.0.1 at 2017-01-03 23:57:31 +0800
Processing by TinderController#index as JSON
  Parameters: {"fbToken"=>"EAAE998BGKHABADJkfYzC2OqHX9pCtKypTaIZBBwpsTFiDzwFxsDAwQHRmlekNoIcxH7WVaMV4KHVxLlJbfriUyXpXRz0ZAL4qJ97Yk2GIJAHBEF5FQyXFsONnJREX1EPN0ZCZCHrD62FxPZCU3Iig9txUSQ6Xp5O3eQIM9d3OwJHyAili2tjZB", "fbUserID"=>"189552508182575"}
  Rendering tinder/index.json.jbuilder
  Rendered tinder/_tinderInfoElement.json.jbuilder (0.2ms)
  Rendered tinder/index.json.jbuilder (1.2ms)
Completed 200 OK in 4024ms (Views: 11.0ms | ActiveRecord: 0.0ms)


Started GET "/" for 127.0.0.1 at 2017-01-03 23:58:31 +0800
Processing by HomeController#index as HTML
  Rendering home/index.html.erb within layouts/application
  Rendered home/index.html.erb within layouts/application (0.4ms)
Completed 200 OK in 32ms (Views: 31.0ms | ActiveRecord: 0.0ms)


Started GET "/tinder?format=json" for 127.0.0.1 at 2017-01-03 23:58:39 +0800
Processing by TinderController#index as JSON
  Rendering tinder/index.json.jbuilder
  Rendered tinder/_tinderInfoElement.json.jbuilder (0.3ms)
  Rendered tinder/index.json.jbuilder (1.1ms)
Completed 200 OK in 3ms (Views: 2.4ms | ActiveRecord: 0.0ms)


Started GET "/" for 127.0.0.1 at 2017-01-03 23:59:19 +0800
Processing by HomeController#index as HTML
  Rendering home/index.html.erb within layouts/application
  Rendered home/index.html.erb within layouts/application (0.3ms)
Completed 200 OK in 569ms (Views: 568.4ms | ActiveRecord: 0.0ms)


Started GET "/tinder?format=json" for 127.0.0.1 at 2017-01-03 23:59:28 +0800
Processing by TinderController#index as JSON
  Rendering tinder/index.json.jbuilder
  Rendered tinder/_tinderInfoElement.json.jbuilder (0.2ms)
  Rendered tinder/index.json.jbuilder (0.9ms)
Completed 200 OK in 3ms (Views: 2.1ms | ActiveRecord: 0.0ms)


Started GET "/tinder?fbToken=EAAE998BGKHABAPzFrLofptSJy45jf81sXZBZAbF2jhvfZA3i7YAG3BYI2Ts7rfCwOXfFK68PDbYeH9f5XBjKlNYn7t51YN4rBkCttz5TAplUCADZCRn1rokBGdE0v8oGDfJKf2GcsFXEsFVFYY90EOoyLa7ZC0U7BmvZBXs8e37TVZBBcZAvB4vf&fbUserID=189552508182575&format=json" for 127.0.0.1 at 2017-01-03 23:59:29 +0800
Processing by TinderController#index as JSON
  Parameters: {"fbToken"=>"EAAE998BGKHABAPzFrLofptSJy45jf81sXZBZAbF2jhvfZA3i7YAG3BYI2Ts7rfCwOXfFK68PDbYeH9f5XBjKlNYn7t51YN4rBkCttz5TAplUCADZCRn1rokBGdE0v8oGDfJKf2GcsFXEsFVFYY90EOoyLa7ZC0U7BmvZBXs8e37TVZBBcZAvB4vf", "fbUserID"=>"189552508182575"}
  Rendering tinder/index.json.jbuilder
  Rendered tinder/_tinderInfoElement.json.jbuilder (0.2ms)
  Rendered tinder/index.json.jbuilder (1.2ms)
Completed 200 OK in 2487ms (Views: 2.8ms | ActiveRecord: 0.0ms)


Started GET "/" for 127.0.0.1 at 2017-01-04 00:00:23 +0800
Processing by HomeController#index as HTML
  Rendering home/index.html.erb within layouts/application
  Rendered home/index.html.erb within layouts/application (0.3ms)
Completed 200 OK in 673ms (Views: 671.6ms | ActiveRecord: 0.0ms)


Started GET "/tinder?fbToken=EAAE998BGKHABAGnEgX3DzYcHFm8v0XT0SvPS6yaZBVY2Wzh7Xl3gZBeNQfiwgeMF30wXSVfEazZAsN5K1XTFvkZCwXfQ6hL10CdoBdJbTq3dfvJuoFGKQdTYe2wsSRxzNcnRcVW6mjVNlKT8ZCIgEtvkh7HGQSxT1WJNye1arbQcYpvZCMzcyZC&fbUserID=189552508182575&format=json" for 127.0.0.1 at 2017-01-04 00:00:30 +0800
Processing by TinderController#index as JSON
  Parameters: {"fbToken"=>"EAAE998BGKHABAGnEgX3DzYcHFm8v0XT0SvPS6yaZBVY2Wzh7Xl3gZBeNQfiwgeMF30wXSVfEazZAsN5K1XTFvkZCwXfQ6hL10CdoBdJbTq3dfvJuoFGKQdTYe2wsSRxzNcnRcVW6mjVNlKT8ZCIgEtvkh7HGQSxT1WJNye1arbQcYpvZCMzcyZC", "fbUserID"=>"189552508182575"}
  Rendering tinder/index.json.jbuilder
  Rendered tinder/_tinderInfoElement.json.jbuilder (0.4ms)
  Rendered tinder/index.json.jbuilder (2.2ms)
Completed 200 OK in 2382ms (Views: 3.9ms | ActiveRecord: 0.0ms)


Started GET "/" for 127.0.0.1 at 2017-01-04 09:51:43 +0800
Processing by HomeController#index as HTML
  Rendering home/index.html.erb within layouts/application
  Rendered home/index.html.erb within layouts/application (3.7ms)
Completed 200 OK in 3204ms (Views: 3202.3ms | ActiveRecord: 0.0ms)


Started GET "/" for 127.0.0.1 at 2017-01-04 22:23:58 +0800
Processing by HomeController#index as HTML
  Rendering home/index.html.erb within layouts/application
  Rendered home/index.html.erb within layouts/application (10.7ms)
Completed 200 OK in 3515ms (Views: 3505.9ms | ActiveRecord: 0.0ms)


Started GET "/" for 127.0.0.1 at 2017-01-04 22:24:20 +0800
Processing by HomeController#index as HTML
  Rendering home/index.html.erb within layouts/application
  Rendered home/index.html.erb within layouts/application (0.4ms)
Completed 200 OK in 34ms (Views: 33.5ms | ActiveRecord: 0.0ms)


Started GET "/cmb?fbToken=EAAE998BGKHABAE7aiZBrWiZBwGeyLyNQu3YBfRRCUZA6m27sKn8QrZCdXjKIvnXFX9no52YCPD7AmcvyXnowvHTKjietfn75pBA2gFvCb3oPksZAdZC1pkL7XkFVXocgakeioaC2MQTpUNHpN44eBKi1C0EZBG9GkLgRm639ZBGZBu1PTZBg2OvkHp&format=json" for 127.0.0.1 at 2017-01-04 22:24:28 +0800
Processing by CmbController#index as JSON
  Parameters: {"fbToken"=>"EAAE998BGKHABAE7aiZBrWiZBwGeyLyNQu3YBfRRCUZA6m27sKn8QrZCdXjKIvnXFX9no52YCPD7AmcvyXnowvHTKjietfn75pBA2gFvCb3oPksZAdZC1pkL7XkFVXocgakeioaC2MQTpUNHpN44eBKi1C0EZBG9GkLgRm639ZBGZBu1PTZBg2OvkHp"}
  Rendering cmb/index.json.jbuilder
  Rendered cmb/_cmbInfoElement.json.jbuilder (0.6ms)
  Rendered cmb/index.json.jbuilder (29.3ms)
Completed 200 OK in 4981ms (Views: 32.9ms | ActiveRecord: 0.0ms)


Started GET "/cmb/get_profile?fbToken=EAAE998BGKHABAE7aiZBrWiZBwGeyLyNQu3YBfRRCUZA6m27sKn8QrZCdXjKIvnXFX9no52YCPD7AmcvyXnowvHTKjietfn75pBA2gFvCb3oPksZAdZC1pkL7XkFVXocgakeioaC2MQTpUNHpN44eBKi1C0EZBG9GkLgRm639ZBGZBu1PTZBg2OvkHp&format=json&sessionid=obdzhy13jznx83x4606zvxebyfg8cexm" for 127.0.0.1 at 2017-01-04 22:24:40 +0800
Processing by CmbController#get_profile as JSON
  Parameters: {"fbToken"=>"EAAE998BGKHABAE7aiZBrWiZBwGeyLyNQu3YBfRRCUZA6m27sKn8QrZCdXjKIvnXFX9no52YCPD7AmcvyXnowvHTKjietfn75pBA2gFvCb3oPksZAdZC1pkL7XkFVXocgakeioaC2MQTpUNHpN44eBKi1C0EZBG9GkLgRm639ZBGZBu1PTZBg2OvkHp", "sessionid"=>"obdzhy13jznx83x4606zvxebyfg8cexm"}
  Rendering cmb/get_profile.json.jbuilder
  Rendered cmb/_cmbInfoElement.json.jbuilder (0.4ms)
  Rendered cmb/get_profile.json.jbuilder (22.2ms)
Completed 200 OK in 2469ms (Views: 25.3ms | ActiveRecord: 0.0ms)


Started GET "/cmb/get_bagels?fbToken=EAAE998BGKHABAE7aiZBrWiZBwGeyLyNQu3YBfRRCUZA6m27sKn8QrZCdXjKIvnXFX9no52YCPD7AmcvyXnowvHTKjietfn75pBA2gFvCb3oPksZAdZC1pkL7XkFVXocgakeioaC2MQTpUNHpN44eBKi1C0EZBG9GkLgRm639ZBGZBu1PTZBg2OvkHp&format=json&sessionid=obdzhy13jznx83x4606zvxebyfg8cexm" for 127.0.0.1 at 2017-01-04 22:24:48 +0800
Processing by CmbController#get_bagels as JSON
  Parameters: {"fbToken"=>"EAAE998BGKHABAE7aiZBrWiZBwGeyLyNQu3YBfRRCUZA6m27sKn8QrZCdXjKIvnXFX9no52YCPD7AmcvyXnowvHTKjietfn75pBA2gFvCb3oPksZAdZC1pkL7XkFVXocgakeioaC2MQTpUNHpN44eBKi1C0EZBG9GkLgRm639ZBGZBu1PTZBg2OvkHp", "sessionid"=>"obdzhy13jznx83x4606zvxebyfg8cexm"}
  Rendering cmb/get_bagels.json.jbuilder
  Rendered cmb/_bagelsInfoElement.json.jbuilder (0.6ms)
  Rendered cmb/get_bagels.json.jbuilder (69.0ms)
Completed 200 OK in 2341ms (Views: 70.6ms | ActiveRecord: 0.0ms)


Started GET "/cmb/get_bagels_history?bagel=%7B%22hex_id%22:%228d6f7dbe-d289-11e6-94fd-fd271d2bc0c9%22,%22cursor_after%22:%221483539890.67%22,%22cursor_before%22:%221483539890.67%22,%22more_after%22:false,%22more_before%22:false%7D&fbToken=EAAE998BGKHABAE7aiZBrWiZBwGeyLyNQu3YBfRRCUZA6m27sKn8QrZCdXjKIvnXFX9no52YCPD7AmcvyXnowvHTKjietfn75pBA2gFvCb3oPksZAdZC1pkL7XkFVXocgakeioaC2MQTpUNHpN44eBKi1C0EZBG9GkLgRm639ZBGZBu1PTZBg2OvkHp&format=json&sessionid=obdzhy13jznx83x4606zvxebyfg8cexm" for 127.0.0.1 at 2017-01-04 22:24:55 +0800
Processing by CmbController#get_bagels_history as JSON
  Parameters: {"bagel"=>"{\"hex_id\":\"8d6f7dbe-d289-11e6-94fd-fd271d2bc0c9\",\"cursor_after\":\"1483539890.67\",\"cursor_before\":\"1483539890.67\",\"more_after\":false,\"more_before\":false}", "fbToken"=>"EAAE998BGKHABAE7aiZBrWiZBwGeyLyNQu3YBfRRCUZA6m27sKn8QrZCdXjKIvnXFX9no52YCPD7AmcvyXnowvHTKjietfn75pBA2gFvCb3oPksZAdZC1pkL7XkFVXocgakeioaC2MQTpUNHpN44eBKi1C0EZBG9GkLgRm639ZBGZBu1PTZBg2OvkHp", "sessionid"=>"obdzhy13jznx83x4606zvxebyfg8cexm"}
  Rendering cmb/get_bagels_history.json.jbuilder
  Rendered cmb/_bagelsInfoElement.json.jbuilder (0.4ms)
  Rendered cmb/get_bagels_history.json.jbuilder (2.2ms)
Completed 200 OK in 2376ms (Views: 6.0ms | ActiveRecord: 0.0ms)


Started GET "/" for 127.0.0.1 at 2017-01-05 10:19:17 +0800
Processing by HomeController#index as HTML
  Rendering home/index.html.erb within layouts/application
  Rendered home/index.html.erb within layouts/application (17.7ms)
Completed 200 OK in 1001ms (Views: 999.8ms | ActiveRecord: 0.0ms)


Started GET "/cmb?fbToken=EAAE998BGKHABAJ6BtjSI3LTZC14yapIhjJZC7VAsPIxa8bXIqEKgjQX1aP8x0HbAWCZALPndZAXUlI7PO9KbCTkQjKeMeKpOndJqikZBvZCZCQghFr3A9ZBq4z9nCUswSqArTUCrZCkwIY0Xvf7dFbqWeMPkGPgkZCms3CBVnUoMZAPhzZCS1XH9j4ZBs&format=json" for 127.0.0.1 at 2017-01-05 10:23:17 +0800
Processing by CmbController#index as JSON
  Parameters: {"fbToken"=>"EAAE998BGKHABAJ6BtjSI3LTZC14yapIhjJZC7VAsPIxa8bXIqEKgjQX1aP8x0HbAWCZALPndZAXUlI7PO9KbCTkQjKeMeKpOndJqikZBvZCZCQghFr3A9ZBq4z9nCUswSqArTUCrZCkwIY0Xvf7dFbqWeMPkGPgkZCms3CBVnUoMZAPhzZCS1XH9j4ZBs"}
  Rendering cmb/index.json.jbuilder
  Rendered cmb/_cmbInfoElement.json.jbuilder (1.2ms)
  Rendered cmb/index.json.jbuilder (32.5ms)
Completed 200 OK in 3324ms (Views: 39.5ms | ActiveRecord: 0.0ms)


Started GET "/cmb/get_profile?fbToken=EAAE998BGKHABAJ6BtjSI3LTZC14yapIhjJZC7VAsPIxa8bXIqEKgjQX1aP8x0HbAWCZALPndZAXUlI7PO9KbCTkQjKeMeKpOndJqikZBvZCZCQghFr3A9ZBq4z9nCUswSqArTUCrZCkwIY0Xvf7dFbqWeMPkGPgkZCms3CBVnUoMZAPhzZCS1XH9j4ZBs&format=json&sessionid=7qya8hm9qrgn7uvjk8cbqu2zpbkedscw" for 127.0.0.1 at 2017-01-05 10:23:26 +0800
Processing by CmbController#get_profile as JSON
  Parameters: {"fbToken"=>"EAAE998BGKHABAJ6BtjSI3LTZC14yapIhjJZC7VAsPIxa8bXIqEKgjQX1aP8x0HbAWCZALPndZAXUlI7PO9KbCTkQjKeMeKpOndJqikZBvZCZCQghFr3A9ZBq4z9nCUswSqArTUCrZCkwIY0Xvf7dFbqWeMPkGPgkZCms3CBVnUoMZAPhzZCS1XH9j4ZBs", "sessionid"=>"7qya8hm9qrgn7uvjk8cbqu2zpbkedscw"}
  Rendering cmb/get_profile.json.jbuilder
  Rendered cmb/_cmbInfoElement.json.jbuilder (0.9ms)
  Rendered cmb/get_profile.json.jbuilder (8.5ms)
Completed 200 OK in 2810ms (Views: 14.8ms | ActiveRecord: 0.0ms)


Started GET "/cmb/get_bagels?fbToken=EAAE998BGKHABAJ6BtjSI3LTZC14yapIhjJZC7VAsPIxa8bXIqEKgjQX1aP8x0HbAWCZALPndZAXUlI7PO9KbCTkQjKeMeKpOndJqikZBvZCZCQghFr3A9ZBq4z9nCUswSqArTUCrZCkwIY0Xvf7dFbqWeMPkGPgkZCms3CBVnUoMZAPhzZCS1XH9j4ZBs&format=json&sessionid=7qya8hm9qrgn7uvjk8cbqu2zpbkedscw" for 127.0.0.1 at 2017-01-05 10:24:33 +0800
Processing by CmbController#get_bagels as JSON
  Parameters: {"fbToken"=>"EAAE998BGKHABAJ6BtjSI3LTZC14yapIhjJZC7VAsPIxa8bXIqEKgjQX1aP8x0HbAWCZALPndZAXUlI7PO9KbCTkQjKeMeKpOndJqikZBvZCZCQghFr3A9ZBq4z9nCUswSqArTUCrZCkwIY0Xvf7dFbqWeMPkGPgkZCms3CBVnUoMZAPhzZCS1XH9j4ZBs", "sessionid"=>"7qya8hm9qrgn7uvjk8cbqu2zpbkedscw"}
  Rendering cmb/get_bagels.json.jbuilder
  Rendered cmb/_bagelsInfoElement.json.jbuilder (0.6ms)
  Rendered cmb/get_bagels.json.jbuilder (3.0ms)
Completed 200 OK in 2525ms (Views: 7.0ms | ActiveRecord: 0.0ms)


Started GET "/cmb/get_bagels_history?bagel=%7B%22hex_id%22:%2219df0896-d2ee-11e6-a9c7-ceb64d1b3537%22,%22cursor_after%22:%221483583075.96%22,%22cursor_before%22:%221483583075.96%22,%22more_after%22:false,%22more_before%22:false%7D&fbToken=EAAE998BGKHABAJ6BtjSI3LTZC14yapIhjJZC7VAsPIxa8bXIqEKgjQX1aP8x0HbAWCZALPndZAXUlI7PO9KbCTkQjKeMeKpOndJqikZBvZCZCQghFr3A9ZBq4z9nCUswSqArTUCrZCkwIY0Xvf7dFbqWeMPkGPgkZCms3CBVnUoMZAPhzZCS1XH9j4ZBs&format=json&sessionid=7qya8hm9qrgn7uvjk8cbqu2zpbkedscw" for 127.0.0.1 at 2017-01-05 10:24:41 +0800
Processing by CmbController#get_bagels_history as JSON
  Parameters: {"bagel"=>"{\"hex_id\":\"19df0896-d2ee-11e6-a9c7-ceb64d1b3537\",\"cursor_after\":\"1483583075.96\",\"cursor_before\":\"1483583075.96\",\"more_after\":false,\"more_before\":false}", "fbToken"=>"EAAE998BGKHABAJ6BtjSI3LTZC14yapIhjJZC7VAsPIxa8bXIqEKgjQX1aP8x0HbAWCZALPndZAXUlI7PO9KbCTkQjKeMeKpOndJqikZBvZCZCQghFr3A9ZBq4z9nCUswSqArTUCrZCkwIY0Xvf7dFbqWeMPkGPgkZCms3CBVnUoMZAPhzZCS1XH9j4ZBs", "sessionid"=>"7qya8hm9qrgn7uvjk8cbqu2zpbkedscw"}
  Rendering cmb/get_bagels_history.json.jbuilder
  Rendered cmb/_bagelsInfoElement.json.jbuilder (0.5ms)
  Rendered cmb/get_bagels_history.json.jbuilder (3.2ms)
Completed 200 OK in 2365ms (Views: 7.3ms | ActiveRecord: 0.0ms)


